<?xml version="1.0" encoding="UTF-8"?>
<!-- Generated by org.testng.reporters.JUnitXMLReporter -->
<testsuite hostname="LTAUS00092" ignored="0" name="My Tests" tests="4" failures="0" timestamp="06 Sep 2018 06:09:43 GMT" time="0.146" errors="0">
  <testcase name="addTest" time="0.011" classname="com.josh.UnitTests.MathClassTest"/>
  <testcase name="test" time="0.003" classname="com.josh.UnitTests.NamedOdd"/>
  <testcase name="addTest2" time="0.003" classname="com.josh.UnitTests.MathTestNG"/>
  <testcase name="test" time="0.002" classname="com.josh.UnitTests.NamedOddTests"/>
</testsuite> <!-- My Tests -->
